<?xml version="1.0" encoding="UTF-8"?>
<robot generator="Robot 6.1.1 (Python 3.10.8 on darwin)" generated="20231201 21:07:04.667" rpa="false" schemaversion="4">
<suite id="s1" name="Home" source="/Users/fadhilr/Documents/Sanbercode/QA/Sanber51-Appium-Kelompok11/suites/home.robot">
<test id="s1-t1" name="Successfully Open Flight Homepage" line="6">
<kw name="Open Flight Application" library="base">
<kw name="Open Application" library="AppiumLibrary">
<arg>${REMOTE_URL}</arg>
<arg>platformName=${PLATFORM_NAME}</arg>
<arg>automationName=${AUTOMATION_NAME}</arg>
<arg>deviceName=${DEVICE_NAME}</arg>
<arg>appPackage=${APP_PACKAGE}</arg>
<arg>appActivity=${APP_ACTIVITY}</arg>
<doc>Opens a new application to given Appium server.
Capabilities of appium server, Android and iOS,
Please check https://github.com/appium/appium/blob/master/docs/en/writing-running-appium/server-args.md
| *Option*            | *Man.* | *Description*     |
| remote_url          | Yes    | Appium server url |
| alias               | no     | alias             |
| strict_ssl          | No     | allows you to send commands to an invalid certificate host like a self-signed one. |</doc>
<status status="PASS" starttime="20231201 21:07:04.758" endtime="20231201 21:07:08.261"/>
</kw>
<status status="PASS" starttime="20231201 21:07:04.758" endtime="20231201 21:07:08.262"/>
</kw>
<kw name="Verify Home Page Visible" library="homePage">
<kw name="Wait Until Element Is Visible" library="AppiumLibrary">
<arg>${app-logo}</arg>
<doc>Waits until element specified with `locator` is visible.</doc>
<msg timestamp="20231201 21:07:09.082" level="INFO">xpath criteria: //android.widget.ImageView[@resource-id="com.example.myapplication:id/imageView4"]</msg>
<status status="PASS" starttime="20231201 21:07:08.264" endtime="20231201 21:07:09.083"/>
</kw>
<status status="PASS" starttime="20231201 21:07:08.263" endtime="20231201 21:07:09.083"/>
</kw>
<kw name="Close Flight Application" library="base">
<kw name="Close Application" library="AppiumLibrary">
<doc>Closes the current application and also close webdriver session.</doc>
<status status="PASS" starttime="20231201 21:07:09.084" endtime="20231201 21:07:09.250"/>
</kw>
<status status="PASS" starttime="20231201 21:07:09.083" endtime="20231201 21:07:09.251"/>
</kw>
<status status="PASS" starttime="20231201 21:07:04.758" endtime="20231201 21:07:09.252"/>
</test>
<status status="PASS" starttime="20231201 21:07:04.668" endtime="20231201 21:07:09.255"/>
</suite>
<statistics>
<total>
<stat pass="1" fail="0" skip="0">All Tests</stat>
</total>
<tag>
</tag>
<suite>
<stat pass="1" fail="0" skip="0" id="s1" name="Home">Home</stat>
</suite>
</statistics>
<errors>
</errors>
</robot>
